mode: set
github.com/julienrull/ghoul/v1/Renderer.go:14.55,19.2 1 1
github.com/julienrull/ghoul/v1/Renderer.go:21.97,25.23 4 1
github.com/julienrull/ghoul/v1/Renderer.go:25.23,28.35 3 1
github.com/julienrull/ghoul/v1/Renderer.go:28.35,30.10 1 1
github.com/julienrull/ghoul/v1/Renderer.go:32.5,33.40 2 1
github.com/julienrull/ghoul/v1/Router.go:23.22,24.24 1 1
github.com/julienrull/ghoul/v1/Router.go:24.24,26.6 1 1
github.com/julienrull/ghoul/v1/Router.go:29.49,31.2 1 1
github.com/julienrull/ghoul/v1/Router.go:33.79,35.2 1 1
github.com/julienrull/ghoul/v1/Router.go:49.20,66.2 4 1
github.com/julienrull/ghoul/v1/Router.go:68.72,69.50 1 1
github.com/julienrull/ghoul/v1/Router.go:69.50,70.50 1 1
github.com/julienrull/ghoul/v1/Router.go:70.50,73.83 3 1
github.com/julienrull/ghoul/v1/Router.go:73.83,80.13 1 1
github.com/julienrull/ghoul/v1/Router.go:82.9,82.20 1 1
github.com/julienrull/ghoul/v1/Router.go:86.75,88.2 1 1
github.com/julienrull/ghoul/v1/Router.go:90.98,92.2 1 1
github.com/julienrull/ghoul/v1/Router.go:94.99,96.2 1 1
github.com/julienrull/ghoul/v1/Router.go:98.43,104.33 4 1
github.com/julienrull/ghoul/v1/Router.go:104.33,105.32 1 1
github.com/julienrull/ghoul/v1/Router.go:106.15,107.16 1 0
github.com/julienrull/ghoul/v1/Router.go:110.17,111.18 1 0
github.com/julienrull/ghoul/v1/Router.go:112.23,113.36 1 1
github.com/julienrull/ghoul/v1/Router.go:114.11,115.72 1 0
github.com/julienrull/ghoul/v1/Router.go:118.2,118.24 1 1
github.com/julienrull/ghoul/v1/Router.go:118.24,120.3 1 1
github.com/julienrull/ghoul/v1/Router.go:121.2,121.34 1 1
github.com/julienrull/ghoul/v1/Router.go:121.34,123.3 1 1
github.com/julienrull/ghoul/v1/Router.go:124.2,124.10 1 1
github.com/julienrull/ghoul/v1/Router.go:128.113,136.23 7 1
github.com/julienrull/ghoul/v1/Router.go:136.23,138.6 1 1
github.com/julienrull/ghoul/v1/Router.go:139.5,139.27 1 1
github.com/julienrull/ghoul/v1/Router.go:139.27,141.6 1 1
github.com/julienrull/ghoul/v1/Router.go:144.5,144.54 1 1
github.com/julienrull/ghoul/v1/Router.go:144.54,147.88 3 1
github.com/julienrull/ghoul/v1/Router.go:147.88,154.10 1 1
github.com/julienrull/ghoul/v1/Router.go:155.11,155.35 1 1
github.com/julienrull/ghoul/v1/Router.go:155.35,158.82 2 1
github.com/julienrull/ghoul/v1/Router.go:158.82,165.10 1 1
github.com/julienrull/ghoul/v1/Router.go:166.10,167.56 1 1
github.com/julienrull/ghoul/v1/Router.go:167.56,181.10 5 1
github.com/julienrull/ghoul/v1/Router.go:181.14,181.35 1 1
github.com/julienrull/ghoul/v1/Router.go:181.35,194.10 4 1
github.com/julienrull/ghoul/v1/Router.go:194.14,197.93 3 1
github.com/julienrull/ghoul/v1/Router.go:197.93,198.65 1 1
github.com/julienrull/ghoul/v1/Router.go:198.65,202.17 3 1
github.com/julienrull/ghoul/v1/Router.go:203.16,204.22 2 1
github.com/julienrull/ghoul/v1/Router.go:206.13,206.26 1 1
github.com/julienrull/ghoul/v1/Router.go:209.5,210.18 2 1
github.com/julienrull/ghoul/v1/Router.go:214.29,215.17 1 1
github.com/julienrull/ghoul/v1/Router.go:215.17,218.6 2 1
github.com/julienrull/ghoul/v1/Router.go:219.5,219.52 1 0
github.com/julienrull/ghoul/v1/Router.go:222.35,225.2 2 0
