mode: set
github.com/julienrull/ghoul/ctx.go:16.39,18.2 1 1
github.com/julienrull/ghoul/ctx.go:19.46,21.2 1 1
github.com/julienrull/ghoul/ctx.go:23.28,24.25 1 1
github.com/julienrull/ghoul/ctx.go:24.25,27.6 2 1
github.com/julienrull/ghoul/ctx.go:28.5,28.29 1 0
github.com/julienrull/ghoul/ctx.go:31.28,33.11 2 1
github.com/julienrull/ghoul/ctx.go:33.11,35.6 1 1
github.com/julienrull/ghoul/ctx.go:36.5,36.14 1 1
github.com/julienrull/ghoul/ctx.go:39.47,41.2 1 1
github.com/julienrull/ghoul/ctx.go:43.39,47.2 3 1
github.com/julienrull/ghoul/ctx.go:49.32,51.2 1 1
github.com/julienrull/ghoul/ctx.go:53.49,55.2 1 1
github.com/julienrull/ghoul/ctx.go:57.79,59.2 1 1
github.com/julienrull/ghoul/errors.go:5.39,7.2 1 0
github.com/julienrull/ghoul/errors.go:8.38,10.2 1 0
github.com/julienrull/ghoul/ghoul.go:59.74,59.103 1 0
github.com/julienrull/ghoul/ghoul.go:63.36,65.24 2 1
github.com/julienrull/ghoul/ghoul.go:65.24,67.6 1 0
github.com/julienrull/ghoul/ghoul.go:68.5,95.18 6 1
github.com/julienrull/ghoul/ghoul.go:98.72,99.50 1 1
github.com/julienrull/ghoul/ghoul.go:99.50,100.50 1 1
github.com/julienrull/ghoul/ghoul.go:100.50,103.83 3 1
github.com/julienrull/ghoul/ghoul.go:103.83,110.13 1 1
github.com/julienrull/ghoul/ghoul.go:112.9,112.20 1 1
github.com/julienrull/ghoul/ghoul.go:116.75,118.2 1 1
github.com/julienrull/ghoul/ghoul.go:120.98,122.2 1 1
github.com/julienrull/ghoul/ghoul.go:124.99,126.2 1 1
github.com/julienrull/ghoul/ghoul.go:128.99,130.2 1 1
github.com/julienrull/ghoul/ghoul.go:132.98,134.2 1 1
github.com/julienrull/ghoul/ghoul.go:136.101,138.2 1 1
github.com/julienrull/ghoul/ghoul.go:140.102,142.2 1 1
github.com/julienrull/ghoul/ghoul.go:144.102,146.2 1 1
github.com/julienrull/ghoul/ghoul.go:148.100,150.2 1 1
github.com/julienrull/ghoul/ghoul.go:152.100,154.2 1 1
github.com/julienrull/ghoul/ghoul.go:156.98,158.2 1 1
github.com/julienrull/ghoul/ghoul.go:160.43,165.33 4 1
github.com/julienrull/ghoul/ghoul.go:165.33,166.32 1 1
github.com/julienrull/ghoul/ghoul.go:167.15,168.16 1 1
github.com/julienrull/ghoul/ghoul.go:171.17,172.18 1 1
github.com/julienrull/ghoul/ghoul.go:173.23,174.36 1 1
github.com/julienrull/ghoul/ghoul.go:175.11,176.72 1 0
github.com/julienrull/ghoul/ghoul.go:179.2,179.24 1 1
github.com/julienrull/ghoul/ghoul.go:179.24,181.3 1 1
github.com/julienrull/ghoul/ghoul.go:182.2,182.34 1 1
github.com/julienrull/ghoul/ghoul.go:182.34,184.3 1 1
github.com/julienrull/ghoul/ghoul.go:185.2,185.10 1 1
github.com/julienrull/ghoul/ghoul.go:189.113,197.23 7 1
github.com/julienrull/ghoul/ghoul.go:197.23,199.6 1 1
github.com/julienrull/ghoul/ghoul.go:200.5,200.27 1 1
github.com/julienrull/ghoul/ghoul.go:200.27,202.6 1 1
github.com/julienrull/ghoul/ghoul.go:205.5,205.54 1 1
github.com/julienrull/ghoul/ghoul.go:205.54,207.25 2 1
github.com/julienrull/ghoul/ghoul.go:207.25,209.10 1 1
github.com/julienrull/ghoul/ghoul.go:210.9,210.88 1 1
github.com/julienrull/ghoul/ghoul.go:210.88,217.10 1 1
github.com/julienrull/ghoul/ghoul.go:218.11,218.35 1 1
github.com/julienrull/ghoul/ghoul.go:218.35,221.82 2 1
github.com/julienrull/ghoul/ghoul.go:221.82,228.10 1 1
github.com/julienrull/ghoul/ghoul.go:229.10,230.56 1 1
github.com/julienrull/ghoul/ghoul.go:230.56,244.10 5 1
github.com/julienrull/ghoul/ghoul.go:244.14,244.35 1 1
github.com/julienrull/ghoul/ghoul.go:244.35,257.10 4 1
github.com/julienrull/ghoul/ghoul.go:257.14,260.93 3 1
github.com/julienrull/ghoul/ghoul.go:260.93,261.65 1 1
github.com/julienrull/ghoul/ghoul.go:261.65,265.17 3 1
github.com/julienrull/ghoul/ghoul.go:266.16,267.22 2 1
github.com/julienrull/ghoul/ghoul.go:269.13,269.26 1 1
github.com/julienrull/ghoul/ghoul.go:272.5,273.18 2 1
github.com/julienrull/ghoul/ghoul.go:277.29,278.17 1 1
github.com/julienrull/ghoul/ghoul.go:278.17,281.6 2 1
github.com/julienrull/ghoul/ghoul.go:282.5,282.52 1 0
github.com/julienrull/ghoul/ghoul.go:285.62,287.12 2 0
github.com/julienrull/ghoul/ghoul.go:287.12,288.102 1 0
github.com/julienrull/ghoul/ghoul.go:288.102,290.4 1 0
github.com/julienrull/ghoul/ghoul.go:292.5,292.13 1 0
github.com/julienrull/ghoul/ghoul.go:295.35,297.12 2 0
github.com/julienrull/ghoul/ghoul.go:297.12,298.82 1 0
github.com/julienrull/ghoul/ghoul.go:298.82,300.4 1 0
github.com/julienrull/ghoul/ghoul.go:302.5,302.13 1 0
github.com/julienrull/ghoul/ghoul.go:305.25,317.15 6 0
github.com/julienrull/ghoul/ghoul.go:317.15,320.3 1 0
github.com/julienrull/ghoul/ghoul.go:322.2,322.47 1 0
github.com/julienrull/ghoul/ghoul.go:322.47,324.3 1 0
github.com/julienrull/ghoul/ghoul.go:325.5,325.42 1 0
github.com/julienrull/ghoul/renderer.go:14.55,19.2 1 1
github.com/julienrull/ghoul/renderer.go:21.97,25.23 4 1
github.com/julienrull/ghoul/renderer.go:25.23,28.35 3 1
github.com/julienrull/ghoul/renderer.go:28.35,30.10 1 1
github.com/julienrull/ghoul/renderer.go:32.5,33.40 2 1
